0 verbose cli /Users/sasha/.nvm/versions/node/v22.20.0/bin/node /Users/sasha/.nvm/versions/node/v22.20.0/lib/node_modules/npm/bin/npm-cli.js
1 info using npm@10.9.3
2 info using node@v22.20.0
3 silly config load:file:/Users/sasha/.nvm/versions/node/v22.20.0/lib/node_modules/npm/npmrc
4 silly config load:file:/Users/sasha/code/train/.npmrc
5 silly config load:file:/Users/sasha/.npmrc
6 silly config load:file:/Users/sasha/.nvm/versions/node/v22.20.0/etc/npmrc
7 verbose title npm exec typescript-language-server --stdio
8 verbose argv "exec" "--yes" "--" "typescript-language-server" "--stdio"
9 verbose logfile logs-max:10 dir:/Users/sasha/code/train/.npm_cache/_logs/2026-03-20T22_16_16_027Z-
10 verbose logfile /Users/sasha/code/train/.npm_cache/_logs/2026-03-20T22_16_16_027Z-debug-0.log
11 silly logfile done cleaning log files
12 silly packumentCache heap:4345298944 maxSize:1086324736 maxEntrySize:543162368
13 http fetch GET 200 https://registry.npmjs.org/typescript-language-server 840ms (cache miss)
14 silly packumentCache heap:4345298944 maxSize:1086324736 maxEntrySize:543162368
15 silly packumentCache heap:4345298944 maxSize:1086324736 maxEntrySize:543162368
16 silly idealTree buildDeps
17 silly fetch manifest typescript-language-server@5.1.3
18 silly packumentCache full:https://registry.npmjs.org/typescript-language-server cache-miss
19 http fetch GET 200 https://registry.npmjs.org/typescript-language-server 302ms (cache miss)
20 silly packumentCache full:https://registry.npmjs.org/typescript-language-server set size:undefined disposed:false
21 silly placeDep ROOT typescript-language-server@5.1.3 OK for:  want: 5.1.3
22 silly reify moves {}
23 silly audit bulk request { 'typescript-language-server': [ '5.1.3' ] }
24 http cache typescript-language-server@https://registry.npmjs.org/typescript-language-server/-/typescript-language-server-5.1.3.tgz 0ms (cache hit)
25 silly tarball no local data for typescript-language-server@https://registry.npmjs.org/typescript-language-server/-/typescript-language-server-5.1.3.tgz. Extracting by manifest.
26 http fetch POST 200 https://registry.npmjs.org/-/npm/v1/security/advisories/bulk 188ms
27 silly audit report {}
28 http fetch GET 200 https://registry.npmjs.org/typescript-language-server/-/typescript-language-server-5.1.3.tgz 567ms (cache miss)
29 verbose cwd /Users/sasha/code/train
30 verbose os Darwin 25.0.0
31 verbose node v22.20.0
32 verbose npm  v10.9.3
33 verbose exit 1
34 verbose code 1
