0 verbose cli /Users/sasha/.nvm/versions/node/v22.20.0/bin/node /Users/sasha/.nvm/versions/node/v22.20.0/lib/node_modules/npm/bin/npm-cli.js
1 info using npm@10.9.3
2 info using node@v22.20.0
3 silly config load:file:/Users/sasha/.nvm/versions/node/v22.20.0/lib/node_modules/npm/npmrc
4 silly config load:file:/Users/sasha/code/train/.npmrc
5 silly config load:file:/Users/sasha/.npmrc
6 silly config load:file:/Users/sasha/.nvm/versions/node/v22.20.0/etc/npmrc
7 verbose title npm exec typescript-language-server --stdio
8 verbose argv "exec" "--yes" "--" "typescript-language-server" "--stdio"
9 verbose logfile logs-max:10 dir:/Users/sasha/code/train/.npm_cache/_logs/2026-03-21T00_12_18_194Z-
10 verbose logfile /Users/sasha/code/train/.npm_cache/_logs/2026-03-21T00_12_18_194Z-debug-0.log
11 silly logfile done cleaning log files
12 silly packumentCache heap:4345298944 maxSize:1086324736 maxEntrySize:543162368
13 http fetch GET 200 https://registry.npmjs.org/typescript-language-server 240ms (cache revalidated)
14 silly packumentCache heap:4345298944 maxSize:1086324736 maxEntrySize:543162368
15 silly packumentCache heap:4345298944 maxSize:1086324736 maxEntrySize:543162368
16 verbose cwd /Users/sasha/code/train
17 verbose os Darwin 25.0.0
18 verbose node v22.20.0
19 verbose npm  v10.9.3
20 verbose exit 1
21 verbose code 1
